<?xml version="1.0" encoding="UTF-8"?>
<!-- Generated by org.testng.reporters.JUnitReportReporter -->
<testsuite skipped="0" hostname="LAPTOP-U98011HL" name="WTA_Tests.RegisterTest" tests="1" failures="0" timestamp="06 Feb 2018 04:46:06 GMT" time="2.824" errors="0">
  <testcase name="SignUp" time="2.824" classname="WTA_Tests.RegisterTest"/>
</testsuite> <!-- WTA_Tests.RegisterTest -->
