<?xml version="1.0" encoding="UTF-8"?>
<!-- Generated by org.testng.reporters.JUnitReportReporter -->
<testsuite skipped="0" hostname="LAPTOP-U98011HL" name="WTA_Tests.Home" tests="7" failures="0" timestamp="06 Feb 2018 03:41:33 GMT" time="22.823" errors="0">
  <testcase name="NavtoGetInvolved" time="2.626" classname="WTA_Tests.Home"/>
  <testcase name="NavtoDonate" time="4.511" classname="WTA_Tests.Home"/>
  <testcase name="NavtoNews" time="1.637" classname="WTA_Tests.Home"/>
  <testcase name="TestSearch" time="2.069" classname="WTA_Tests.Home"/>
  <testcase name="NavtoGoOutside" time="1.806" classname="WTA_Tests.Home"/>
  <testcase name="NavtoJoin" time="8.213" classname="WTA_Tests.Home"/>
  <testcase name="NavtoOurWork" time="1.961" classname="WTA_Tests.Home"/>
</testsuite> <!-- WTA_Tests.Home -->
