<?xml version="1.0" encoding="UTF-8"?>
<!-- Generated by org.testng.reporters.JUnitReportReporter -->
<testsuite skipped="0" hostname="LAPTOP-U98011HL" name="WTATest" tests="1" failures="0" timestamp="09 Jan 2018 14:07:47 GMT" time="0.007" errors="0">
  <testcase name="f" time="0.007" classname="WTATest"/>
</testsuite> <!-- WTATest -->
